{"C:\\Users\\Edward\\Documents\\Work\\Coding\\NestJs\\nestjs-simpsons-quotes\\project\\src\\app.controller.ts": {"path":"C:\\Users\\Edward\\Documents\\Work\\Coding\\NestJs\\nestjs-simpsons-quotes\\project\\src\\app.controller.ts","statementMap":{"0":{"start":{"line":1,"column":0},"end":{"line":1,"column":49}},"1":{"start":{"line":2,"column":0},"end":{"line":2,"column":43}},"2":{"start":{"line":6,"column":31},"end":{"line":6,"column":43}},"3":{"start":{"line":10,"column":4},"end":{"line":10,"column":38}},"4":{"start":{"line":9,"column":2},"end":{"line":11,"column":null}},"5":{"start":{"line":5,"column":13},"end":{"line":12,"column":null}},"6":{"start":{"line":5,"column":13},"end":{"line":5,"column":26}}},"fnMap":{"0":{"name":"(anonymous_2)","decl":{"start":{"line":6,"column":2},"end":{"line":6,"column":31}},"loc":{"start":{"line":6,"column":53},"end":{"line":6,"column":57}}},"1":{"name":"(anonymous_3)","decl":{"start":{"line":9,"column":2},"end":{"line":9,"column":10}},"loc":{"start":{"line":9,"column":10},"end":{"line":11,"column":3}}}},"branchMap":{},"s":{"0":1,"1":1,"2":1,"3":1,"4":1,"5":1,"6":1},"f":{"0":1,"1":1},"b":{}}
,"C:\\Users\\Edward\\Documents\\Work\\Coding\\NestJs\\nestjs-simpsons-quotes\\project\\src\\app.service.ts": {"path":"C:\\Users\\Edward\\Documents\\Work\\Coding\\NestJs\\nestjs-simpsons-quotes\\project\\src\\app.service.ts","statementMap":{"0":{"start":{"line":1,"column":0},"end":{"line":1,"column":44}},"1":{"start":{"line":6,"column":4},"end":{"line":6,"column":26}},"2":{"start":{"line":4,"column":13},"end":{"line":8,"column":null}},"3":{"start":{"line":4,"column":13},"end":{"line":4,"column":23}}},"fnMap":{"0":{"name":"(anonymous_1)","decl":{"start":{"line":5,"column":2},"end":{"line":5,"column":10}},"loc":{"start":{"line":5,"column":10},"end":{"line":7,"column":3}}}},"branchMap":{},"s":{"0":1,"1":1,"2":1,"3":1},"f":{"0":1},"b":{}}
,"C:\\Users\\Edward\\Documents\\Work\\Coding\\NestJs\\nestjs-simpsons-quotes\\project\\src\\classes\\quote.ts": {"path":"C:\\Users\\Edward\\Documents\\Work\\Coding\\NestJs\\nestjs-simpsons-quotes\\project\\src\\classes\\quote.ts","statementMap":{"0":{"start":{"line":1,"column":0},"end":{"line":1,"column":13}}},"fnMap":{},"branchMap":{},"s":{"0":1},"f":{},"b":{}}
,"C:\\Users\\Edward\\Documents\\Work\\Coding\\NestJs\\nestjs-simpsons-quotes\\project\\src\\quote\\quote.controller.ts": {"path":"C:\\Users\\Edward\\Documents\\Work\\Coding\\NestJs\\nestjs-simpsons-quotes\\project\\src\\quote\\quote.controller.ts","statementMap":{"0":{"start":{"line":1,"column":0},"end":{"line":1,"column":55}},"1":{"start":{"line":2,"column":0},"end":{"line":2,"column":63}},"2":{"start":{"line":3,"column":0},"end":{"line":3,"column":63}},"3":{"start":{"line":10,"column":16},"end":{"line":10,"column":30}},"4":{"start":{"line":11,"column":16},"end":{"line":11,"column":30}},"5":{"start":{"line":18,"column":25},"end":{"line":18,"column":59}},"6":{"start":{"line":21,"column":8},"end":{"line":21,"column":45}},"7":{"start":{"line":34,"column":8},"end":{"line":34,"column":41}},"8":{"start":{"line":17,"column":4},"end":{"line":22,"column":null}},"9":{"start":{"line":25,"column":4},"end":{"line":35,"column":null}},"10":{"start":{"line":7,"column":13},"end":{"line":36,"column":null}},"11":{"start":{"line":7,"column":13},"end":{"line":7,"column":28}}},"fnMap":{"0":{"name":"(anonymous_8)","decl":{"start":{"line":9,"column":4},"end":{"line":9,"column":null}},"loc":{"start":{"line":11,"column":42},"end":{"line":14,"column":5}}}},"branchMap":{},"s":{"0":1,"1":1,"2":1,"3":0,"4":0,"5":0,"6":0,"7":0,"8":1,"9":1,"10":1,"11":1},"f":{"0":0},"b":{}}
,"C:\\Users\\Edward\\Documents\\Work\\Coding\\NestJs\\nestjs-simpsons-quotes\\project\\src\\services\\image\\image.service.ts": {"path":"C:\\Users\\Edward\\Documents\\Work\\Coding\\NestJs\\nestjs-simpsons-quotes\\project\\src\\services\\image\\image.service.ts","statementMap":{"0":{"start":{"line":1,"column":0},"end":{"line":1,"column":44}},"1":{"start":{"line":2,"column":0},"end":{"line":2,"column":45}},"2":{"start":{"line":9,"column":8},"end":{"line":14,"column":13}},"3":{"start":{"line":18,"column":25},"end":{"line":20,"column":10}},"4":{"start":{"line":21,"column":8},"end":{"line":21,"column":29}},"5":{"start":{"line":5,"column":13},"end":{"line":23,"column":null}},"6":{"start":{"line":5,"column":13},"end":{"line":5,"column":25}}},"fnMap":{"0":{"name":"(anonymous_8)","decl":{"start":{"line":8,"column":4},"end":{"line":8,"column":null}},"loc":{"start":{"line":8,"column":4},"end":{"line":15,"column":5}}}},"branchMap":{},"s":{"0":2,"1":2,"2":1,"3":0,"4":0,"5":2,"6":2},"f":{"0":1},"b":{}}
,"C:\\Users\\Edward\\Documents\\Work\\Coding\\NestJs\\nestjs-simpsons-quotes\\project\\src\\services\\quote\\quote.service.ts": {"path":"C:\\Users\\Edward\\Documents\\Work\\Coding\\NestJs\\nestjs-simpsons-quotes\\project\\src\\services\\quote\\quote.service.ts","statementMap":{"0":{"start":{"line":1,"column":0},"end":{"line":1,"column":44}},"1":{"start":{"line":2,"column":0},"end":{"line":2,"column":45}},"2":{"start":{"line":11,"column":8},"end":{"line":15,"column":13}},"3":{"start":{"line":19,"column":25},"end":{"line":19,"column":50}},"4":{"start":{"line":20,"column":8},"end":{"line":20,"column":29}},"5":{"start":{"line":6,"column":13},"end":{"line":22,"column":null}},"6":{"start":{"line":6,"column":13},"end":{"line":6,"column":25}}},"fnMap":{"0":{"name":"(anonymous_8)","decl":{"start":{"line":10,"column":4},"end":{"line":10,"column":null}},"loc":{"start":{"line":10,"column":4},"end":{"line":16,"column":5}}}},"branchMap":{},"s":{"0":2,"1":2,"2":1,"3":0,"4":0,"5":2,"6":2},"f":{"0":1},"b":{}}
}
