TN:
SF:C:\Users\Edward\Documents\Work\Coding\NestJs\nestjs-simpsons-quotes\project\src\app.controller.ts
FN:6,(anonymous_2)
FN:9,(anonymous_3)
FNF:2
FNH:2
FNDA:1,(anonymous_2)
FNDA:1,(anonymous_3)
DA:1,1
DA:2,1
DA:5,1
DA:6,1
DA:9,1
DA:10,1
LF:6
LH:6
BRF:0
BRH:0
end_of_record
TN:
SF:C:\Users\Edward\Documents\Work\Coding\NestJs\nestjs-simpsons-quotes\project\src\app.service.ts
FN:5,(anonymous_1)
FNF:1
FNH:1
FNDA:1,(anonymous_1)
DA:1,1
DA:4,1
DA:6,1
LF:3
LH:3
BRF:0
BRH:0
end_of_record
TN:
SF:C:\Users\Edward\Documents\Work\Coding\NestJs\nestjs-simpsons-quotes\project\src\classes\quote.ts
FNF:0
FNH:0
DA:1,1
LF:1
LH:1
BRF:0
BRH:0
end_of_record
TN:
SF:C:\Users\Edward\Documents\Work\Coding\NestJs\nestjs-simpsons-quotes\project\src\quote\quote.controller.ts
FN:9,(anonymous_8)
FNF:1
FNH:0
FNDA:0,(anonymous_8)
DA:1,1
DA:2,1
DA:3,1
DA:7,1
DA:10,0
DA:11,0
DA:17,1
DA:18,0
DA:21,0
DA:25,1
DA:34,0
LF:11
LH:6
BRF:0
BRH:0
end_of_record
TN:
SF:C:\Users\Edward\Documents\Work\Coding\NestJs\nestjs-simpsons-quotes\project\src\services\image\image.service.ts
FN:8,(anonymous_8)
FNF:1
FNH:1
FNDA:1,(anonymous_8)
DA:1,2
DA:2,2
DA:5,2
DA:9,1
DA:18,0
DA:21,0
LF:6
LH:4
BRF:0
BRH:0
end_of_record
TN:
SF:C:\Users\Edward\Documents\Work\Coding\NestJs\nestjs-simpsons-quotes\project\src\services\quote\quote.service.ts
FN:10,(anonymous_8)
FNF:1
FNH:1
FNDA:1,(anonymous_8)
DA:1,2
DA:2,2
DA:6,2
DA:11,1
DA:19,0
DA:20,0
LF:6
LH:4
BRF:0
BRH:0
end_of_record
